# JRE version: Java(TM) SE Runtime Environment (8.0_261-b12) (build 1.8.0_261-b12)
# Java VM: Java HotSpot(TM) 64-Bit Server VM (25.261-b12 mixed mode windows-amd64 compressed oops)
Heap:
 PSYoungGen      total 76288K, used 57530K [0x000000076b300000, 0x0000000770800000, 0x00000007c0000000)
  eden space 65536K, 87% used [0x000000076b300000,0x000000076eb2ea28,0x000000076f300000)
  from space 10752K, 0% used [0x000000076fd80000,0x000000076fd80000,0x0000000770800000)
  to   space 10752K, 0% used [0x000000076f300000,0x000000076f300000,0x000000076fd80000)
 ParOldGen       total 100352K, used 8047K [0x00000006c1800000, 0x00000006c7a00000, 0x000000076b300000)
  object space 100352K, 8% used [0x00000006c1800000,0x00000006c1fdbf68,0x00000006c7a00000)
 Metaspace       used 22424K, capacity 23430K, committed 23552K, reserved 1069056K
  class space    used 3058K, capacity 3274K, committed 3328K, reserved 1048576K
GC Heap History (10 events):
Event: 3.727 GC heap before
{Heap before GC invocations=1 (full 0):
 PSYoungGen      total 76288K, used 65536K [0x000000076b300000, 0x0000000770800000, 0x00000007c0000000)
  eden space 65536K, 100% used [0x000000076b300000,0x000000076f300000,0x000000076f300000)
  from space 10752K, 0% used [0x000000076fd80000,0x000000076fd80000,0x0000000770800000)
  to   space 10752K, 0% used [0x000000076f300000,0x000000076f300000,0x000000076fd80000)
 ParOldGen       total 175104K, used 0K [0x00000006c1800000, 0x00000006cc300000, 0x000000076b300000)
  object space 175104K, 0% used [0x00000006c1800000,0x00000006c1800000,0x00000006cc300000)
 Metaspace       used 10446K, capacity 10720K, committed 10880K, reserved 1058816K
  class space    used 1263K, capacity 1355K, committed 1408K, reserved 1048576K
Event: 3.818 GC heap after
Heap after GC invocations=1 (full 0):
 PSYoungGen      total 76288K, used 10064K [0x000000076b300000, 0x0000000770800000, 0x00000007c0000000)
  eden space 65536K, 0% used [0x000000076b300000,0x000000076b300000,0x000000076f300000)
  from space 10752K, 93% used [0x000000076f300000,0x000000076fcd4260,0x000000076fd80000)
  to   space 10752K, 0% used [0x000000076fd80000,0x000000076fd80000,0x0000000770800000)
 ParOldGen       total 175104K, used 8K [0x00000006c1800000, 0x00000006cc300000, 0x000000076b300000)
  object space 175104K, 0% used [0x00000006c1800000,0x00000006c1802000,0x00000006cc300000)
 Metaspace       used 10446K, capacity 10720K, committed 10880K, reserved 1058816K
  class space    used 1263K, capacity 1355K, committed 1408K, reserved 1048576K
}
Event: 4.822 GC heap before
{Heap before GC invocations=2 (full 0):
 PSYoungGen      total 76288K, used 75600K [0x000000076b300000, 0x0000000770800000, 0x00000007c0000000)
  eden space 65536K, 100% used [0x000000076b300000,0x000000076f300000,0x000000076f300000)
  from space 10752K, 93% used [0x000000076f300000,0x000000076fcd4260,0x000000076fd80000)
  to   space 10752K, 0% used [0x000000076fd80000,0x000000076fd80000,0x0000000770800000)
 ParOldGen       total 175104K, used 8K [0x00000006c1800000, 0x00000006cc300000, 0x000000076b300000)
  object space 175104K, 0% used [0x00000006c1800000,0x00000006c1802000,0x00000006cc300000)
 Metaspace       used 15006K, capacity 15470K, committed 15744K, reserved 1062912K
  class space    used 1922K, capacity 2054K, committed 2176K, reserved 1048576K
Event: 4.841 GC heap after
Heap after GC invocations=2 (full 0):
 PSYoungGen      total 76288K, used 7191K [0x000000076b300000, 0x0000000770800000, 0x00000007c0000000)
  eden space 65536K, 0% used [0x000000076b300000,0x000000076b300000,0x000000076f300000)
  from space 10752K, 66% used [0x000000076fd80000,0x0000000770485d48,0x0000000770800000)
  to   space 10752K, 0% used [0x000000076f300000,0x000000076f300000,0x000000076fd80000)
 ParOldGen       total 175104K, used 24K [0x00000006c1800000, 0x00000006cc300000, 0x000000076b300000)
  object space 175104K, 0% used [0x00000006c1800000,0x00000006c1806000,0x00000006cc300000)
 Metaspace       used 15006K, capacity 15470K, committed 15744K, reserved 1062912K
  class space    used 1922K, capacity 2054K, committed 2176K, reserved 1048576K
}
Event: 5.525 GC heap before
{Heap before GC invocations=3 (full 0):
 PSYoungGen      total 76288K, used 72727K [0x000000076b300000, 0x0000000770800000, 0x00000007c0000000)
  eden space 65536K, 100% used [0x000000076b300000,0x000000076f300000,0x000000076f300000)
  from space 10752K, 66% used [0x000000076fd80000,0x0000000770485d48,0x0000000770800000)
  to   space 10752K, 0% used [0x000000076f300000,0x000000076f300000,0x000000076fd80000)
 ParOldGen       total 175104K, used 24K [0x00000006c1800000, 0x00000006cc300000, 0x000000076b300000)
  object space 175104K, 0% used [0x00000006c1800000,0x00000006c1806000,0x00000006cc300000)
 Metaspace       used 18011K, capacity 18540K, committed 18688K, reserved 1064960K
  class space    used 2328K, capacity 2487K, committed 2560K, reserved 1048576K
Event: 5.533 GC heap after
Heap after GC invocations=3 (full 0):
 PSYoungGen      total 76288K, used 8386K [0x000000076b300000, 0x0000000770800000, 0x00000007c0000000)
  eden space 65536K, 0% used [0x000000076b300000,0x000000076b300000,0x000000076f300000)
  from space 10752K, 77% used [0x000000076f300000,0x000000076fb30820,0x000000076fd80000)
  to   space 10752K, 0% used [0x000000076fd80000,0x000000076fd80000,0x0000000770800000)
 ParOldGen       total 175104K, used 32K [0x00000006c1800000, 0x00000006cc300000, 0x000000076b300000)
  object space 175104K, 0% used [0x00000006c1800000,0x00000006c1808000,0x00000006cc300000)
 Metaspace       used 18011K, capacity 18540K, committed 18688K, reserved 1064960K
  class space    used 2328K, capacity 2487K, committed 2560K, reserved 1048576K
}
Event: 6.379 GC heap before
{Heap before GC invocations=4 (full 0):
 PSYoungGen      total 76288K, used 53266K [0x000000076b300000, 0x0000000770800000, 0x00000007c0000000)
  eden space 65536K, 68% used [0x000000076b300000,0x000000076ded41a0,0x000000076f300000)
  from space 10752K, 77% used [0x000000076f300000,0x000000076fb30820,0x000000076fd80000)
  to   space 10752K, 0% used [0x000000076fd80000,0x000000076fd80000,0x0000000770800000)
 ParOldGen       total 175104K, used 32K [0x00000006c1800000, 0x00000006cc300000, 0x000000076b300000)
  object space 175104K, 0% used [0x00000006c1800000,0x00000006c1808000,0x00000006cc300000)
 Metaspace       used 20550K, capacity 21270K, committed 21296K, reserved 1067008K
  class space    used 2735K, capacity 2922K, committed 2944K, reserved 1048576K
Event: 6.390 GC heap after
Heap after GC invocations=4 (full 0):
 PSYoungGen      total 76288K, used 8292K [0x000000076b300000, 0x0000000770800000, 0x00000007c0000000)
  eden space 65536K, 0% used [0x000000076b300000,0x000000076b300000,0x000000076f300000)
  from space 10752K, 77% used [0x000000076fd80000,0x0000000770599370,0x0000000770800000)
  to   space 10752K, 0% used [0x000000076f300000,0x000000076f300000,0x000000076fd80000)
 ParOldGen       total 175104K, used 40K [0x00000006c1800000, 0x00000006cc300000, 0x000000076b300000)
  object space 175104K, 0% used [0x00000006c1800000,0x00000006c180a000,0x00000006cc300000)
 Metaspace       used 20550K, capacity 21270K, committed 21296K, reserved 1067008K
  class space    used 2735K, capacity 2922K, committed 2944K, reserved 1048576K
}
Event: 6.390 GC heap before
{Heap before GC invocations=5 (full 1):
 PSYoungGen      total 76288K, used 8292K [0x000000076b300000, 0x0000000770800000, 0x00000007c0000000)
  eden space 65536K, 0% used [0x000000076b300000,0x000000076b300000,0x000000076f300000)
  from space 10752K, 77% used [0x000000076fd80000,0x0000000770599370,0x0000000770800000)
  to   space 10752K, 0% used [0x000000076f300000,0x000000076f300000,0x000000076fd80000)
 ParOldGen       total 175104K, used 40K [0x00000006c1800000, 0x00000006cc300000, 0x000000076b300000)
  object space 175104K, 0% used [0x00000006c1800000,0x00000006c180a000,0x00000006cc300000)
 Metaspace       used 20550K, capacity 21270K, committed 21296K, reserved 1067008K
  class space    used 2735K, capacity 2922K, committed 2944K, reserved 1048576K
Event: 6.460 GC heap after
Heap after GC invocations=5 (full 1):
 PSYoungGen      total 76288K, used 0K [0x000000076b300000, 0x0000000770800000, 0x00000007c0000000)
  eden space 65536K, 0% used [0x000000076b300000,0x000000076b300000,0x000000076f300000)
  from space 10752K, 0% used [0x000000076fd80000,0x000000076fd80000,0x0000000770800000)
  to   space 10752K, 0% used [0x000000076f300000,0x000000076f300000,0x000000076fd80000)
 ParOldGen       total 100352K, used 8047K [0x00000006c1800000, 0x00000006c7a00000, 0x000000076b300000)
  object space 100352K, 8% used [0x00000006c1800000,0x00000006c1fdbf68,0x00000006c7a00000)
 Metaspace       used 20548K, capacity 21264K, committed 21296K, reserved 1067008K
  class space    used 2734K, capacity 2921K, committed 2944K, reserved 1048576K
}

