# JRE version: Java(TM) SE Runtime Environment (8.0_261-b12) (build 1.8.0_261-b12)
# Java VM: Java HotSpot(TM) 64-Bit Server VM (25.261-b12 mixed mode windows-amd64 compressed oops)
Heap:
 PSYoungGen      total 44032K, used 6313K [0x000000076b300000, 0x000000076df80000, 0x00000007c0000000)
  eden space 42496K, 11% used [0x000000076b300000,0x000000076b7fa6e8,0x000000076dc80000)
  from space 1536K, 79% used [0x000000076de00000,0x000000076df30100,0x000000076df80000)
  to   space 1536K, 0% used [0x000000076dc80000,0x000000076dc80000,0x000000076de00000)
 ParOldGen       total 157696K, used 38854K [0x00000006c1800000, 0x00000006cb200000, 0x000000076b300000)
  object space 157696K, 24% used [0x00000006c1800000,0x00000006c3df1910,0x00000006cb200000)
 Metaspace       used 49463K, capacity 51870K, committed 51968K, reserved 1093632K
  class space    used 6448K, capacity 6900K, committed 6912K, reserved 1048576K
GC Heap History (10 events):
Event: 62175.079 GC heap before
{Heap before GC invocations=792 (full 2):
 PSYoungGen      total 44032K, used 43440K [0x000000076b300000, 0x000000076df80000, 0x00000007c0000000)
  eden space 42496K, 100% used [0x000000076b300000,0x000000076dc80000,0x000000076dc80000)
  from space 1536K, 61% used [0x000000076dc80000,0x000000076dd6c0d0,0x000000076de00000)
  to   space 1536K, 0% used [0x000000076de00000,0x000000076de00000,0x000000076df80000)
 ParOldGen       total 157696K, used 38790K [0x00000006c1800000, 0x00000006cb200000, 0x000000076b300000)
  object space 157696K, 24% used [0x00000006c1800000,0x00000006c3de1910,0x00000006cb200000)
 Metaspace       used 49463K, capacity 51870K, committed 51968K, reserved 1093632K
  class space    used 6448K, capacity 6900K, committed 6912K, reserved 1048576K
Event: 62175.081 GC heap after
Heap after GC invocations=792 (full 2):
 PSYoungGen      total 44032K, used 944K [0x000000076b300000, 0x000000076df80000, 0x00000007c0000000)
  eden space 42496K, 0% used [0x000000076b300000,0x000000076b300000,0x000000076dc80000)
  from space 1536K, 61% used [0x000000076de00000,0x000000076deec0d0,0x000000076df80000)
  to   space 1536K, 0% used [0x000000076dc80000,0x000000076dc80000,0x000000076de00000)
 ParOldGen       total 157696K, used 38790K [0x00000006c1800000, 0x00000006cb200000, 0x000000076b300000)
  object space 157696K, 24% used [0x00000006c1800000,0x00000006c3de1910,0x00000006cb200000)
 Metaspace       used 49463K, capacity 51870K, committed 51968K, reserved 1093632K
  class space    used 6448K, capacity 6900K, committed 6912K, reserved 1048576K
}
Event: 62244.270 GC heap before
{Heap before GC invocations=793 (full 2):
 PSYoungGen      total 44032K, used 43440K [0x000000076b300000, 0x000000076df80000, 0x00000007c0000000)
  eden space 42496K, 100% used [0x000000076b300000,0x000000076dc80000,0x000000076dc80000)
  from space 1536K, 61% used [0x000000076de00000,0x000000076deec0d0,0x000000076df80000)
  to   space 1536K, 0% used [0x000000076dc80000,0x000000076dc80000,0x000000076de00000)
 ParOldGen       total 157696K, used 38790K [0x00000006c1800000, 0x00000006cb200000, 0x000000076b300000)
  object space 157696K, 24% used [0x00000006c1800000,0x00000006c3de1910,0x00000006cb200000)
 Metaspace       used 49463K, capacity 51870K, committed 51968K, reserved 1093632K
  class space    used 6448K, capacity 6900K, committed 6912K, reserved 1048576K
Event: 62244.273 GC heap after
Heap after GC invocations=793 (full 2):
 PSYoungGen      total 44032K, used 896K [0x000000076b300000, 0x000000076df80000, 0x00000007c0000000)
  eden space 42496K, 0% used [0x000000076b300000,0x000000076b300000,0x000000076dc80000)
  from space 1536K, 58% used [0x000000076dc80000,0x000000076dd60100,0x000000076de00000)
  to   space 1536K, 0% used [0x000000076de00000,0x000000076de00000,0x000000076df80000)
 ParOldGen       total 157696K, used 38790K [0x00000006c1800000, 0x00000006cb200000, 0x000000076b300000)
  object space 157696K, 24% used [0x00000006c1800000,0x00000006c3de1910,0x00000006cb200000)
 Metaspace       used 49463K, capacity 51870K, committed 51968K, reserved 1093632K
  class space    used 6448K, capacity 6900K, committed 6912K, reserved 1048576K
}
Event: 62315.304 GC heap before
{Heap before GC invocations=794 (full 2):
 PSYoungGen      total 44032K, used 43392K [0x000000076b300000, 0x000000076df80000, 0x00000007c0000000)
  eden space 42496K, 100% used [0x000000076b300000,0x000000076dc80000,0x000000076dc80000)
  from space 1536K, 58% used [0x000000076dc80000,0x000000076dd60100,0x000000076de00000)
  to   space 1536K, 0% used [0x000000076de00000,0x000000076de00000,0x000000076df80000)
 ParOldGen       total 157696K, used 38790K [0x00000006c1800000, 0x00000006cb200000, 0x000000076b300000)
  object space 157696K, 24% used [0x00000006c1800000,0x00000006c3de1910,0x00000006cb200000)
 Metaspace       used 49463K, capacity 51870K, committed 51968K, reserved 1093632K
  class space    used 6448K, capacity 6900K, committed 6912K, reserved 1048576K
Event: 62315.316 GC heap after
Heap after GC invocations=794 (full 2):
 PSYoungGen      total 44032K, used 816K [0x000000076b300000, 0x000000076df80000, 0x00000007c0000000)
  eden space 42496K, 0% used [0x000000076b300000,0x000000076b300000,0x000000076dc80000)
  from space 1536K, 53% used [0x000000076de00000,0x000000076decc130,0x000000076df80000)
  to   space 1536K, 0% used [0x000000076dc80000,0x000000076dc80000,0x000000076de00000)
 ParOldGen       total 157696K, used 38798K [0x00000006c1800000, 0x00000006cb200000, 0x000000076b300000)
  object space 157696K, 24% used [0x00000006c1800000,0x00000006c3de3910,0x00000006cb200000)
 Metaspace       used 49463K, capacity 51870K, committed 51968K, reserved 1093632K
  class space    used 6448K, capacity 6900K, committed 6912K, reserved 1048576K
}
Event: 62386.474 GC heap before
{Heap before GC invocations=795 (full 2):
 PSYoungGen      total 44032K, used 43312K [0x000000076b300000, 0x000000076df80000, 0x00000007c0000000)
  eden space 42496K, 100% used [0x000000076b300000,0x000000076dc80000,0x000000076dc80000)
  from space 1536K, 53% used [0x000000076de00000,0x000000076decc130,0x000000076df80000)
  to   space 1536K, 0% used [0x000000076dc80000,0x000000076dc80000,0x000000076de00000)
 ParOldGen       total 157696K, used 38798K [0x00000006c1800000, 0x00000006cb200000, 0x000000076b300000)
  object space 157696K, 24% used [0x00000006c1800000,0x00000006c3de3910,0x00000006cb200000)
 Metaspace       used 49463K, capacity 51870K, committed 51968K, reserved 1093632K
  class space    used 6448K, capacity 6900K, committed 6912K, reserved 1048576K
Event: 62386.487 GC heap after
Heap after GC invocations=795 (full 2):
 PSYoungGen      total 44032K, used 992K [0x000000076b300000, 0x000000076df80000, 0x00000007c0000000)
  eden space 42496K, 0% used [0x000000076b300000,0x000000076b300000,0x000000076dc80000)
  from space 1536K, 64% used [0x000000076dc80000,0x000000076dd78140,0x000000076de00000)
  to   space 1536K, 0% used [0x000000076de00000,0x000000076de00000,0x000000076df80000)
 ParOldGen       total 157696K, used 38830K [0x00000006c1800000, 0x00000006cb200000, 0x000000076b300000)
  object space 157696K, 24% used [0x00000006c1800000,0x00000006c3deb910,0x00000006cb200000)
 Metaspace       used 49463K, capacity 51870K, committed 51968K, reserved 1093632K
  class space    used 6448K, capacity 6900K, committed 6912K, reserved 1048576K
}
Event: 62458.774 GC heap before
{Heap before GC invocations=796 (full 2):
 PSYoungGen      total 44032K, used 43488K [0x000000076b300000, 0x000000076df80000, 0x00000007c0000000)
  eden space 42496K, 100% used [0x000000076b300000,0x000000076dc80000,0x000000076dc80000)
  from space 1536K, 64% used [0x000000076dc80000,0x000000076dd78140,0x000000076de00000)
  to   space 1536K, 0% used [0x000000076de00000,0x000000076de00000,0x000000076df80000)
 ParOldGen       total 157696K, used 38830K [0x00000006c1800000, 0x00000006cb200000, 0x000000076b300000)
  object space 157696K, 24% used [0x00000006c1800000,0x00000006c3deb910,0x00000006cb200000)
 Metaspace       used 49463K, capacity 51870K, committed 51968K, reserved 1093632K
  class space    used 6448K, capacity 6900K, committed 6912K, reserved 1048576K
Event: 62458.810 GC heap after
Heap after GC invocations=796 (full 2):
 PSYoungGen      total 44032K, used 1216K [0x000000076b300000, 0x000000076df80000, 0x00000007c0000000)
  eden space 42496K, 0% used [0x000000076b300000,0x000000076b300000,0x000000076dc80000)
  from space 1536K, 79% used [0x000000076de00000,0x000000076df30100,0x000000076df80000)
  to   space 1536K, 0% used [0x000000076dc80000,0x000000076dc80000,0x000000076de00000)
 ParOldGen       total 157696K, used 38854K [0x00000006c1800000, 0x00000006cb200000, 0x000000076b300000)
  object space 157696K, 24% used [0x00000006c1800000,0x00000006c3df1910,0x00000006cb200000)
 Metaspace       used 49463K, capacity 51870K, committed 51968K, reserved 1093632K
  class space    used 6448K, capacity 6900K, committed 6912K, reserved 1048576K
}

