# JRE version: Java(TM) SE Runtime Environment (8.0_261-b12) (build 1.8.0_261-b12)
# Java VM: Java HotSpot(TM) 64-Bit Server VM (25.261-b12 mixed mode windows-amd64 compressed oops)
Heap:
 PSYoungGen      total 46080K, used 8680K [0x000000076b300000, 0x0000000770180000, 0x00000007c0000000)
  eden space 45056K, 17% used [0x000000076b300000,0x000000076baaa1d8,0x000000076df00000)
  from space 1024K, 81% used [0x000000076ff00000,0x000000076ffd0100,0x0000000770000000)
  to   space 1536K, 0% used [0x0000000770000000,0x0000000770000000,0x0000000770180000)
 ParOldGen       total 197120K, used 52201K [0x00000006c1800000, 0x00000006cd880000, 0x000000076b300000)
  object space 197120K, 26% used [0x00000006c1800000,0x00000006c4afa698,0x00000006cd880000)
 Metaspace       used 68794K, capacity 73700K, committed 73752K, reserved 1112064K
  class space    used 9407K, capacity 10220K, committed 10264K, reserved 1048576K
GC Heap History (10 events):
Event: 351295.647 GC heap before
{Heap before GC invocations=778 (full 3):
 PSYoungGen      total 46080K, used 45904K [0x000000076b300000, 0x0000000770400000, 0x00000007c0000000)
  eden space 45056K, 100% used [0x000000076b300000,0x000000076df00000,0x000000076df00000)
  from space 1024K, 82% used [0x0000000770300000,0x00000007703d4130,0x0000000770400000)
  to   space 1536K, 0% used [0x0000000770100000,0x0000000770100000,0x0000000770280000)
 ParOldGen       total 197120K, used 52169K [0x00000006c1800000, 0x00000006cd880000, 0x000000076b300000)
  object space 197120K, 26% used [0x00000006c1800000,0x00000006c4af2698,0x00000006cd880000)
 Metaspace       used 68746K, capacity 73692K, committed 73752K, reserved 1112064K
  class space    used 9393K, capacity 10216K, committed 10264K, reserved 1048576K
Event: 351295.651 GC heap after
Heap after GC invocations=778 (full 3):
 PSYoungGen      total 46080K, used 896K [0x000000076b300000, 0x0000000770380000, 0x00000007c0000000)
  eden space 45056K, 0% used [0x000000076b300000,0x000000076b300000,0x000000076df00000)
  from space 1024K, 87% used [0x0000000770100000,0x00000007701e0100,0x0000000770200000)
  to   space 1536K, 0% used [0x0000000770200000,0x0000000770200000,0x0000000770380000)
 ParOldGen       total 197120K, used 52169K [0x00000006c1800000, 0x00000006cd880000, 0x000000076b300000)
  object space 197120K, 26% used [0x00000006c1800000,0x00000006c4af2698,0x00000006cd880000)
 Metaspace       used 68746K, capacity 73692K, committed 73752K, reserved 1112064K
  class space    used 9393K, capacity 10216K, committed 10264K, reserved 1048576K
}
Event: 351462.831 GC heap before
{Heap before GC invocations=779 (full 3):
 PSYoungGen      total 46080K, used 45952K [0x000000076b300000, 0x0000000770380000, 0x00000007c0000000)
  eden space 45056K, 100% used [0x000000076b300000,0x000000076df00000,0x000000076df00000)
  from space 1024K, 87% used [0x0000000770100000,0x00000007701e0100,0x0000000770200000)
  to   space 1536K, 0% used [0x0000000770200000,0x0000000770200000,0x0000000770380000)
 ParOldGen       total 197120K, used 52169K [0x00000006c1800000, 0x00000006cd880000, 0x000000076b300000)
  object space 197120K, 26% used [0x00000006c1800000,0x00000006c4af2698,0x00000006cd880000)
 Metaspace       used 68746K, capacity 73692K, committed 73752K, reserved 1112064K
  class space    used 9393K, capacity 10216K, committed 10264K, reserved 1048576K
Event: 351462.835 GC heap after
Heap after GC invocations=779 (full 3):
 PSYoungGen      total 46080K, used 896K [0x000000076b300000, 0x0000000770300000, 0x00000007c0000000)
  eden space 45056K, 0% used [0x000000076b300000,0x000000076b300000,0x000000076df00000)
  from space 1024K, 87% used [0x0000000770200000,0x00000007702e00e0,0x0000000770300000)
  to   space 1536K, 0% used [0x0000000770000000,0x0000000770000000,0x0000000770180000)
 ParOldGen       total 197120K, used 52185K [0x00000006c1800000, 0x00000006cd880000, 0x000000076b300000)
  object space 197120K, 26% used [0x00000006c1800000,0x00000006c4af6698,0x00000006cd880000)
 Metaspace       used 68746K, capacity 73692K, committed 73752K, reserved 1112064K
  class space    used 9393K, capacity 10216K, committed 10264K, reserved 1048576K
}
Event: 351630.175 GC heap before
{Heap before GC invocations=780 (full 3):
 PSYoungGen      total 46080K, used 45952K [0x000000076b300000, 0x0000000770300000, 0x00000007c0000000)
  eden space 45056K, 100% used [0x000000076b300000,0x000000076df00000,0x000000076df00000)
  from space 1024K, 87% used [0x0000000770200000,0x00000007702e00e0,0x0000000770300000)
  to   space 1536K, 0% used [0x0000000770000000,0x0000000770000000,0x0000000770180000)
 ParOldGen       total 197120K, used 52185K [0x00000006c1800000, 0x00000006cd880000, 0x000000076b300000)
  object space 197120K, 26% used [0x00000006c1800000,0x00000006c4af6698,0x00000006cd880000)
 Metaspace       used 68746K, capacity 73692K, committed 73752K, reserved 1112064K
  class space    used 9393K, capacity 10216K, committed 10264K, reserved 1048576K
Event: 351630.179 GC heap after
Heap after GC invocations=780 (full 3):
 PSYoungGen      total 46080K, used 880K [0x000000076b300000, 0x0000000770280000, 0x00000007c0000000)
  eden space 45056K, 0% used [0x000000076b300000,0x000000076b300000,0x000000076df00000)
  from space 1024K, 85% used [0x0000000770000000,0x00000007700dc110,0x0000000770100000)
  to   space 1536K, 0% used [0x0000000770100000,0x0000000770100000,0x0000000770280000)
 ParOldGen       total 197120K, used 52193K [0x00000006c1800000, 0x00000006cd880000, 0x000000076b300000)
  object space 197120K, 26% used [0x00000006c1800000,0x00000006c4af8698,0x00000006cd880000)
 Metaspace       used 68746K, capacity 73692K, committed 73752K, reserved 1112064K
  class space    used 9393K, capacity 10216K, committed 10264K, reserved 1048576K
}
Event: 351795.638 GC heap before
{Heap before GC invocations=781 (full 3):
 PSYoungGen      total 46080K, used 45936K [0x000000076b300000, 0x0000000770280000, 0x00000007c0000000)
  eden space 45056K, 100% used [0x000000076b300000,0x000000076df00000,0x000000076df00000)
  from space 1024K, 85% used [0x0000000770000000,0x00000007700dc110,0x0000000770100000)
  to   space 1536K, 0% used [0x0000000770100000,0x0000000770100000,0x0000000770280000)
 ParOldGen       total 197120K, used 52193K [0x00000006c1800000, 0x00000006cd880000, 0x000000076b300000)
  object space 197120K, 26% used [0x00000006c1800000,0x00000006c4af8698,0x00000006cd880000)
 Metaspace       used 68746K, capacity 73692K, committed 73752K, reserved 1112064K
  class space    used 9393K, capacity 10216K, committed 10264K, reserved 1048576K
Event: 351795.642 GC heap after
Heap after GC invocations=781 (full 3):
 PSYoungGen      total 46080K, used 880K [0x000000076b300000, 0x0000000770200000, 0x00000007c0000000)
  eden space 45056K, 0% used [0x000000076b300000,0x000000076b300000,0x000000076df00000)
  from space 1024K, 85% used [0x0000000770100000,0x00000007701dc110,0x0000000770200000)
  to   space 1536K, 0% used [0x000000076ff00000,0x000000076ff00000,0x0000000770080000)
 ParOldGen       total 197120K, used 52201K [0x00000006c1800000, 0x00000006cd880000, 0x000000076b300000)
  object space 197120K, 26% used [0x00000006c1800000,0x00000006c4afa698,0x00000006cd880000)
 Metaspace       used 68746K, capacity 73692K, committed 73752K, reserved 1112064K
  class space    used 9393K, capacity 10216K, committed 10264K, reserved 1048576K
}
Event: 351965.444 GC heap before
{Heap before GC invocations=782 (full 3):
 PSYoungGen      total 46080K, used 45936K [0x000000076b300000, 0x0000000770200000, 0x00000007c0000000)
  eden space 45056K, 100% used [0x000000076b300000,0x000000076df00000,0x000000076df00000)
  from space 1024K, 85% used [0x0000000770100000,0x00000007701dc110,0x0000000770200000)
  to   space 1536K, 0% used [0x000000076ff00000,0x000000076ff00000,0x0000000770080000)
 ParOldGen       total 197120K, used 52201K [0x00000006c1800000, 0x00000006cd880000, 0x000000076b300000)
  object space 197120K, 26% used [0x00000006c1800000,0x00000006c4afa698,0x00000006cd880000)
 Metaspace       used 68746K, capacity 73692K, committed 73752K, reserved 1112064K
  class space    used 9393K, capacity 10216K, committed 10264K, reserved 1048576K
Event: 351965.473 GC heap after
Heap after GC invocations=782 (full 3):
 PSYoungGen      total 46080K, used 832K [0x000000076b300000, 0x0000000770180000, 0x00000007c0000000)
  eden space 45056K, 0% used [0x000000076b300000,0x000000076b300000,0x000000076df00000)
  from space 1024K, 81% used [0x000000076ff00000,0x000000076ffd0100,0x0000000770000000)
  to   space 1536K, 0% used [0x0000000770000000,0x0000000770000000,0x0000000770180000)
 ParOldGen       total 197120K, used 52201K [0x00000006c1800000, 0x00000006cd880000, 0x000000076b300000)
  object space 197120K, 26% used [0x00000006c1800000,0x00000006c4afa698,0x00000006cd880000)
 Metaspace       used 68746K, capacity 73692K, committed 73752K, reserved 1112064K
  class space    used 9393K, capacity 10216K, committed 10264K, reserved 1048576K
}

