# JRE version: Java(TM) SE Runtime Environment (8.0_261-b12) (build 1.8.0_261-b12)
# Java VM: Java HotSpot(TM) 64-Bit Server VM (25.261-b12 mixed mode windows-amd64 compressed oops)
Heap:
 PSYoungGen      total 47616K, used 38790K [0x000000076b300000, 0x000000077b900000, 0x00000007c0000000)
  eden space 47104K, 81% used [0x000000076b300000,0x000000076d89d920,0x000000076e100000)
  from space 512K, 53% used [0x000000077b800000,0x000000077b844010,0x000000077b880000)
  to   space 512K, 0% used [0x000000077b880000,0x000000077b880000,0x000000077b900000)
 ParOldGen       total 210944K, used 44917K [0x00000006c1800000, 0x00000006ce600000, 0x000000076b300000)
  object space 210944K, 21% used [0x00000006c1800000,0x00000006c43dd7c8,0x00000006ce600000)
 Metaspace       used 65850K, capacity 70570K, committed 70912K, reserved 1110016K
  class space    used 9102K, capacity 9871K, committed 9984K, reserved 1048576K
GC Heap History (10 events):
Event: 351310.780 GC heap before
{Heap before GC invocations=652 (full 3):
 PSYoungGen      total 47616K, used 47360K [0x000000076b300000, 0x000000077b900000, 0x00000007c0000000)
  eden space 47104K, 100% used [0x000000076b300000,0x000000076e100000,0x000000076e100000)
  from space 512K, 50% used [0x000000077b880000,0x000000077b8c0000,0x000000077b900000)
  to   space 512K, 0% used [0x000000077b800000,0x000000077b800000,0x000000077b880000)
 ParOldGen       total 210944K, used 44917K [0x00000006c1800000, 0x00000006ce600000, 0x000000076b300000)
  object space 210944K, 21% used [0x00000006c1800000,0x00000006c43dd7c8,0x00000006ce600000)
 Metaspace       used 65789K, capacity 70496K, committed 70528K, reserved 1110016K
  class space    used 9086K, capacity 9854K, committed 9856K, reserved 1048576K
Event: 351310.783 GC heap after
Heap after GC invocations=652 (full 3):
 PSYoungGen      total 47616K, used 288K [0x000000076b300000, 0x000000077b900000, 0x00000007c0000000)
  eden space 47104K, 0% used [0x000000076b300000,0x000000076b300000,0x000000076e100000)
  from space 512K, 56% used [0x000000077b800000,0x000000077b848000,0x000000077b880000)
  to   space 512K, 0% used [0x000000077b880000,0x000000077b880000,0x000000077b900000)
 ParOldGen       total 210944K, used 44917K [0x00000006c1800000, 0x00000006ce600000, 0x000000076b300000)
  object space 210944K, 21% used [0x00000006c1800000,0x00000006c43dd7c8,0x00000006ce600000)
 Metaspace       used 65789K, capacity 70496K, committed 70528K, reserved 1110016K
  class space    used 9086K, capacity 9854K, committed 9856K, reserved 1048576K
}
Event: 351503.846 GC heap before
{Heap before GC invocations=653 (full 3):
 PSYoungGen      total 47616K, used 47392K [0x000000076b300000, 0x000000077b900000, 0x00000007c0000000)
  eden space 47104K, 100% used [0x000000076b300000,0x000000076e100000,0x000000076e100000)
  from space 512K, 56% used [0x000000077b800000,0x000000077b848000,0x000000077b880000)
  to   space 512K, 0% used [0x000000077b880000,0x000000077b880000,0x000000077b900000)
 ParOldGen       total 210944K, used 44917K [0x00000006c1800000, 0x00000006ce600000, 0x000000076b300000)
  object space 210944K, 21% used [0x00000006c1800000,0x00000006c43dd7c8,0x00000006ce600000)
 Metaspace       used 65789K, capacity 70496K, committed 70528K, reserved 1110016K
  class space    used 9086K, capacity 9854K, committed 9856K, reserved 1048576K
Event: 351503.849 GC heap after
Heap after GC invocations=653 (full 3):
 PSYoungGen      total 47616K, used 288K [0x000000076b300000, 0x000000077b900000, 0x00000007c0000000)
  eden space 47104K, 0% used [0x000000076b300000,0x000000076b300000,0x000000076e100000)
  from space 512K, 56% used [0x000000077b880000,0x000000077b8c8000,0x000000077b900000)
  to   space 512K, 0% used [0x000000077b800000,0x000000077b800000,0x000000077b880000)
 ParOldGen       total 210944K, used 44917K [0x00000006c1800000, 0x00000006ce600000, 0x000000076b300000)
  object space 210944K, 21% used [0x00000006c1800000,0x00000006c43dd7c8,0x00000006ce600000)
 Metaspace       used 65789K, capacity 70496K, committed 70528K, reserved 1110016K
  class space    used 9086K, capacity 9854K, committed 9856K, reserved 1048576K
}
Event: 351696.638 GC heap before
{Heap before GC invocations=654 (full 3):
 PSYoungGen      total 47616K, used 47392K [0x000000076b300000, 0x000000077b900000, 0x00000007c0000000)
  eden space 47104K, 100% used [0x000000076b300000,0x000000076e100000,0x000000076e100000)
  from space 512K, 56% used [0x000000077b880000,0x000000077b8c8000,0x000000077b900000)
  to   space 512K, 0% used [0x000000077b800000,0x000000077b800000,0x000000077b880000)
 ParOldGen       total 210944K, used 44917K [0x00000006c1800000, 0x00000006ce600000, 0x000000076b300000)
  object space 210944K, 21% used [0x00000006c1800000,0x00000006c43dd7c8,0x00000006ce600000)
 Metaspace       used 65789K, capacity 70496K, committed 70528K, reserved 1110016K
  class space    used 9086K, capacity 9854K, committed 9856K, reserved 1048576K
Event: 351696.640 GC heap after
Heap after GC invocations=654 (full 3):
 PSYoungGen      total 47616K, used 288K [0x000000076b300000, 0x000000077b900000, 0x00000007c0000000)
  eden space 47104K, 0% used [0x000000076b300000,0x000000076b300000,0x000000076e100000)
  from space 512K, 56% used [0x000000077b800000,0x000000077b848000,0x000000077b880000)
  to   space 512K, 0% used [0x000000077b880000,0x000000077b880000,0x000000077b900000)
 ParOldGen       total 210944K, used 44917K [0x00000006c1800000, 0x00000006ce600000, 0x000000076b300000)
  object space 210944K, 21% used [0x00000006c1800000,0x00000006c43dd7c8,0x00000006ce600000)
 Metaspace       used 65789K, capacity 70496K, committed 70528K, reserved 1110016K
  class space    used 9086K, capacity 9854K, committed 9856K, reserved 1048576K
}
Event: 351889.177 GC heap before
{Heap before GC invocations=655 (full 3):
 PSYoungGen      total 47616K, used 47392K [0x000000076b300000, 0x000000077b900000, 0x00000007c0000000)
  eden space 47104K, 100% used [0x000000076b300000,0x000000076e100000,0x000000076e100000)
  from space 512K, 56% used [0x000000077b800000,0x000000077b848000,0x000000077b880000)
  to   space 512K, 0% used [0x000000077b880000,0x000000077b880000,0x000000077b900000)
 ParOldGen       total 210944K, used 44917K [0x00000006c1800000, 0x00000006ce600000, 0x000000076b300000)
  object space 210944K, 21% used [0x00000006c1800000,0x00000006c43dd7c8,0x00000006ce600000)
 Metaspace       used 65789K, capacity 70496K, committed 70528K, reserved 1110016K
  class space    used 9086K, capacity 9854K, committed 9856K, reserved 1048576K
Event: 351889.180 GC heap after
Heap after GC invocations=655 (full 3):
 PSYoungGen      total 47616K, used 288K [0x000000076b300000, 0x000000077b900000, 0x00000007c0000000)
  eden space 47104K, 0% used [0x000000076b300000,0x000000076b300000,0x000000076e100000)
  from space 512K, 56% used [0x000000077b880000,0x000000077b8c8000,0x000000077b900000)
  to   space 512K, 0% used [0x000000077b800000,0x000000077b800000,0x000000077b880000)
 ParOldGen       total 210944K, used 44917K [0x00000006c1800000, 0x00000006ce600000, 0x000000076b300000)
  object space 210944K, 21% used [0x00000006c1800000,0x00000006c43dd7c8,0x00000006ce600000)
 Metaspace       used 65789K, capacity 70496K, committed 70528K, reserved 1110016K
  class space    used 9086K, capacity 9854K, committed 9856K, reserved 1048576K
}
Event: 352079.104 GC heap before
{Heap before GC invocations=656 (full 3):
 PSYoungGen      total 47616K, used 47392K [0x000000076b300000, 0x000000077b900000, 0x00000007c0000000)
  eden space 47104K, 100% used [0x000000076b300000,0x000000076e100000,0x000000076e100000)
  from space 512K, 56% used [0x000000077b880000,0x000000077b8c8000,0x000000077b900000)
  to   space 512K, 0% used [0x000000077b800000,0x000000077b800000,0x000000077b880000)
 ParOldGen       total 210944K, used 44917K [0x00000006c1800000, 0x00000006ce600000, 0x000000076b300000)
  object space 210944K, 21% used [0x00000006c1800000,0x00000006c43dd7c8,0x00000006ce600000)
 Metaspace       used 65789K, capacity 70496K, committed 70528K, reserved 1110016K
  class space    used 9086K, capacity 9854K, committed 9856K, reserved 1048576K
Event: 352079.107 GC heap after
Heap after GC invocations=656 (full 3):
 PSYoungGen      total 47616K, used 272K [0x000000076b300000, 0x000000077b900000, 0x00000007c0000000)
  eden space 47104K, 0% used [0x000000076b300000,0x000000076b300000,0x000000076e100000)
  from space 512K, 53% used [0x000000077b800000,0x000000077b844010,0x000000077b880000)
  to   space 512K, 0% used [0x000000077b880000,0x000000077b880000,0x000000077b900000)
 ParOldGen       total 210944K, used 44917K [0x00000006c1800000, 0x00000006ce600000, 0x000000076b300000)
  object space 210944K, 21% used [0x00000006c1800000,0x00000006c43dd7c8,0x00000006ce600000)
 Metaspace       used 65789K, capacity 70496K, committed 70528K, reserved 1110016K
  class space    used 9086K, capacity 9854K, committed 9856K, reserved 1048576K
}

